2013-06-28 06:44:16 Error: [PrivateActionException] Private Action OrgsController::validate() is not directly accessible.
Exception Attributes: array (
  'controller' => 'OrgsController',
  'action' => 'validate',
)
Request URL: /orgs/validate
Stack Trace:
#0 /Users/kdusek/Sites/kaufman/cake/lib/Cake/Routing/Dispatcher.php(187): Controller->invokeAction(Object(CakeRequest))
#1 /Users/kdusek/Sites/kaufman/cake/lib/Cake/Routing/Dispatcher.php(162): Dispatcher->_invoke(Object(OrgsController), Object(CakeRequest), Object(CakeResponse))
#2 /Users/kdusek/Sites/kaufman/cake/app/webroot/index.php(109): Dispatcher->dispatch(Object(CakeRequest), Object(CakeResponse))
#3 {main}
2013-06-28 06:44:31 Error: [PrivateActionException] Private Action OrgsController::validate() is not directly accessible.
Exception Attributes: array (
  'controller' => 'OrgsController',
  'action' => 'validate',
)
Request URL: /orgs/validate
Stack Trace:
#0 /Users/kdusek/Sites/kaufman/cake/lib/Cake/Routing/Dispatcher.php(187): Controller->invokeAction(Object(CakeRequest))
#1 /Users/kdusek/Sites/kaufman/cake/lib/Cake/Routing/Dispatcher.php(162): Dispatcher->_invoke(Object(OrgsController), Object(CakeRequest), Object(CakeResponse))
#2 /Users/kdusek/Sites/kaufman/cake/app/webroot/index.php(109): Dispatcher->dispatch(Object(CakeRequest), Object(CakeResponse))
#3 {main}
2013-06-28 06:44:38 Error: [PrivateActionException] Private Action OrgsController::validate() is not directly accessible.
Exception Attributes: array (
  'controller' => 'OrgsController',
  'action' => 'validate',
)
Request URL: /orgs/validate
Stack Trace:
#0 /Users/kdusek/Sites/kaufman/cake/lib/Cake/Routing/Dispatcher.php(187): Controller->invokeAction(Object(CakeRequest))
#1 /Users/kdusek/Sites/kaufman/cake/lib/Cake/Routing/Dispatcher.php(162): Dispatcher->_invoke(Object(OrgsController), Object(CakeRequest), Object(CakeResponse))
#2 /Users/kdusek/Sites/kaufman/cake/app/webroot/index.php(109): Dispatcher->dispatch(Object(CakeRequest), Object(CakeResponse))
#3 {main}
2013-06-28 06:44:39 Error: [PrivateActionException] Private Action OrgsController::validate() is not directly accessible.
Exception Attributes: array (
  'controller' => 'OrgsController',
  'action' => 'validate',
)
Request URL: /orgs/validate
Stack Trace:
#0 /Users/kdusek/Sites/kaufman/cake/lib/Cake/Routing/Dispatcher.php(187): Controller->invokeAction(Object(CakeRequest))
#1 /Users/kdusek/Sites/kaufman/cake/lib/Cake/Routing/Dispatcher.php(162): Dispatcher->_invoke(Object(OrgsController), Object(CakeRequest), Object(CakeResponse))
#2 /Users/kdusek/Sites/kaufman/cake/app/webroot/index.php(109): Dispatcher->dispatch(Object(CakeRequest), Object(CakeResponse))
#3 {main}
2013-06-28 06:44:57 Error: [MissingActionException] Action OrgsController::validated() could not be found.
Exception Attributes: array (
  'controller' => 'OrgsController',
  'action' => 'validated',
)
Request URL: /orgs/validated
Stack Trace:
#0 /Users/kdusek/Sites/kaufman/cake/lib/Cake/Routing/Dispatcher.php(187): Controller->invokeAction(Object(CakeRequest))
#1 /Users/kdusek/Sites/kaufman/cake/lib/Cake/Routing/Dispatcher.php(162): Dispatcher->_invoke(Object(OrgsController), Object(CakeRequest), Object(CakeResponse))
#2 /Users/kdusek/Sites/kaufman/cake/app/webroot/index.php(109): Dispatcher->dispatch(Object(CakeRequest), Object(CakeResponse))
#3 {main}
2013-06-28 06:44:59 Error: [PrivateActionException] Private Action OrgsController::validate() is not directly accessible.
Exception Attributes: array (
  'controller' => 'OrgsController',
  'action' => 'validate',
)
Request URL: /orgs/validate
Stack Trace:
#0 /Users/kdusek/Sites/kaufman/cake/lib/Cake/Routing/Dispatcher.php(187): Controller->invokeAction(Object(CakeRequest))
#1 /Users/kdusek/Sites/kaufman/cake/lib/Cake/Routing/Dispatcher.php(162): Dispatcher->_invoke(Object(OrgsController), Object(CakeRequest), Object(CakeResponse))
#2 /Users/kdusek/Sites/kaufman/cake/app/webroot/index.php(109): Dispatcher->dispatch(Object(CakeRequest), Object(CakeResponse))
#3 {main}
2013-06-28 06:48:07 Error: [MethodNotAllowedException] Method Not Allowed
Request URL: /orgs/login
Stack Trace:
#0 [internal function]: OrgsController->login()
#1 /Users/kdusek/Sites/kaufman/cake/lib/Cake/Controller/Controller.php(486): ReflectionMethod->invokeArgs(Object(OrgsController), Array)
#2 /Users/kdusek/Sites/kaufman/cake/lib/Cake/Routing/Dispatcher.php(187): Controller->invokeAction(Object(CakeRequest))
#3 /Users/kdusek/Sites/kaufman/cake/lib/Cake/Routing/Dispatcher.php(162): Dispatcher->_invoke(Object(OrgsController), Object(CakeRequest), Object(CakeResponse))
#4 /Users/kdusek/Sites/kaufman/cake/app/webroot/index.php(109): Dispatcher->dispatch(Object(CakeRequest), Object(CakeResponse))
#5 {main}
2013-06-28 07:30:54 Error: Fatal Error (4): syntax error, unexpected '{' in [/Users/kdusek/Sites/kaufman/cake/app/Model/Org.php, line 39]
2013-06-28 07:30:54 Error: [FatalErrorException] syntax error, unexpected '{'
Request URL: /orgs/add
Stack Trace:
#0 /Users/kdusek/Sites/kaufman/cake/lib/Cake/Error/ErrorHandler.php(184): ErrorHandler::handleFatalError(4, 'syntax error, u...', '/Users/kdusek/S...', 39)
#1 [internal function]: ErrorHandler::handleError(4, 'syntax error, u...', '/Users/kdusek/S...', 39, Array)
#2 /Users/kdusek/Sites/kaufman/cake/lib/Cake/Core/App.php(926): call_user_func('ErrorHandler::h...', 4, 'syntax error, u...', '/Users/kdusek/S...', 39, Array)
#3 /Users/kdusek/Sites/kaufman/cake/lib/Cake/Core/App.php(899): App::_checkFatalError()
#4 [internal function]: App::shutdown()
#5 {main}
2013-06-28 07:33:05 Error: [PDOException] SQLSTATE[42000]: Syntax error or access violation: 1064 You have an error in your SQL syntax; check the manual that corresponds to your MySQL server version for the right syntax to use near ' `Org`.`community`, `Org`.`licenses`, `Org`.`remaining`, `Org`.`expiration` FROM' at line 1
Request URL: /orgs/login
Stack Trace:
#0 /Users/kdusek/Sites/kaufman/cake/lib/Cake/Model/Datasource/DboSource.php(460): PDOStatement->execute(Array)
#1 /Users/kdusek/Sites/kaufman/cake/lib/Cake/Model/Datasource/DboSource.php(426): DboSource->_execute('SELECT Org.name...', Array)
#2 /Users/kdusek/Sites/kaufman/cake/lib/Cake/Model/Datasource/DboSource.php(670): DboSource->execute('SELECT Org.name...', Array, Array)
#3 /Users/kdusek/Sites/kaufman/cake/lib/Cake/Model/Datasource/DboSource.php(1081): DboSource->fetchAll('SELECT Org.name...', false)
#4 /Users/kdusek/Sites/kaufman/cake/lib/Cake/Model/Model.php(2696): DboSource->read(Object(Org), Array)
#5 /Users/kdusek/Sites/kaufman/cake/app/Model/Org.php(53): Model->find('first', Array)
#6 /Users/kdusek/Sites/kaufman/cake/app/Controller/OrgsController.php(25): Org->checkUser('kdusek', '123456')
#7 [internal function]: OrgsController->login()
#8 /Users/kdusek/Sites/kaufman/cake/lib/Cake/Controller/Controller.php(486): ReflectionMethod->invokeArgs(Object(OrgsController), Array)
#9 /Users/kdusek/Sites/kaufman/cake/lib/Cake/Routing/Dispatcher.php(187): Controller->invokeAction(Object(CakeRequest))
#10 /Users/kdusek/Sites/kaufman/cake/lib/Cake/Routing/Dispatcher.php(162): Dispatcher->_invoke(Object(OrgsController), Object(CakeRequest), Object(CakeResponse))
#11 /Users/kdusek/Sites/kaufman/cake/app/webroot/index.php(109): Dispatcher->dispatch(Object(CakeRequest), Object(CakeResponse))
#12 {main}
2013-06-28 07:33:29 Error: [Exception] String could not be parsed as XML
Request URL: /orgs/login
Stack Trace:
#0 /Users/kdusek/Sites/kaufman/cake/app/Controller/OrgsController.php(27): SimpleXMLElement->__construct('response')
#1 [internal function]: OrgsController->login()
#2 /Users/kdusek/Sites/kaufman/cake/lib/Cake/Controller/Controller.php(486): ReflectionMethod->invokeArgs(Object(OrgsController), Array)
#3 /Users/kdusek/Sites/kaufman/cake/lib/Cake/Routing/Dispatcher.php(187): Controller->invokeAction(Object(CakeRequest))
#4 /Users/kdusek/Sites/kaufman/cake/lib/Cake/Routing/Dispatcher.php(162): Dispatcher->_invoke(Object(OrgsController), Object(CakeRequest), Object(CakeResponse))
#5 /Users/kdusek/Sites/kaufman/cake/app/webroot/index.php(109): Dispatcher->dispatch(Object(CakeRequest), Object(CakeResponse))
#6 {main}
2013-06-28 07:33:46 Error: [Exception] String could not be parsed as XML
Request URL: /orgs/login
Stack Trace:
#0 /Users/kdusek/Sites/kaufman/cake/app/Controller/OrgsController.php(26): SimpleXMLElement->__construct('response')
#1 [internal function]: OrgsController->login()
#2 /Users/kdusek/Sites/kaufman/cake/lib/Cake/Controller/Controller.php(486): ReflectionMethod->invokeArgs(Object(OrgsController), Array)
#3 /Users/kdusek/Sites/kaufman/cake/lib/Cake/Routing/Dispatcher.php(187): Controller->invokeAction(Object(CakeRequest))
#4 /Users/kdusek/Sites/kaufman/cake/lib/Cake/Routing/Dispatcher.php(162): Dispatcher->_invoke(Object(OrgsController), Object(CakeRequest), Object(CakeResponse))
#5 /Users/kdusek/Sites/kaufman/cake/app/webroot/index.php(109): Dispatcher->dispatch(Object(CakeRequest), Object(CakeResponse))
#6 {main}
2013-06-28 07:37:24 Error: Fatal Error (4): syntax error, unexpected '' (T_ENCAPSED_AND_WHITESPACE), expecting identifier (T_STRING) or variable (T_VARIABLE) or number (T_NUM_STRING) in [/Users/kdusek/Sites/kaufman/cake/app/Controller/OrgsController.php, line 36]
2013-06-28 07:37:24 Error: [FatalErrorException] syntax error, unexpected '' (T_ENCAPSED_AND_WHITESPACE), expecting identifier (T_STRING) or variable (T_VARIABLE) or number (T_NUM_STRING)
Request URL: /orgs/login
Stack Trace:
#0 /Users/kdusek/Sites/kaufman/cake/lib/Cake/Error/ErrorHandler.php(184): ErrorHandler::handleFatalError(4, 'syntax error, u...', '/Users/kdusek/S...', 36)
#1 [internal function]: ErrorHandler::handleError(4, 'syntax error, u...', '/Users/kdusek/S...', 36, Array)
#2 /Users/kdusek/Sites/kaufman/cake/lib/Cake/Core/App.php(926): call_user_func('ErrorHandler::h...', 4, 'syntax error, u...', '/Users/kdusek/S...', 36, Array)
#3 /Users/kdusek/Sites/kaufman/cake/lib/Cake/Core/App.php(899): App::_checkFatalError()
#4 [internal function]: App::shutdown()
#5 {main}
2013-06-28 07:37:47 Error: Fatal Error (4): syntax error, unexpected '' (T_ENCAPSED_AND_WHITESPACE), expecting identifier (T_STRING) or variable (T_VARIABLE) or number (T_NUM_STRING) in [/Users/kdusek/Sites/kaufman/cake/app/Controller/OrgsController.php, line 37]
2013-06-28 07:37:47 Error: [FatalErrorException] syntax error, unexpected '' (T_ENCAPSED_AND_WHITESPACE), expecting identifier (T_STRING) or variable (T_VARIABLE) or number (T_NUM_STRING)
Request URL: /orgs/login
Stack Trace:
#0 /Users/kdusek/Sites/kaufman/cake/lib/Cake/Error/ErrorHandler.php(184): ErrorHandler::handleFatalError(4, 'syntax error, u...', '/Users/kdusek/S...', 37)
#1 [internal function]: ErrorHandler::handleError(4, 'syntax error, u...', '/Users/kdusek/S...', 37, Array)
#2 /Users/kdusek/Sites/kaufman/cake/lib/Cake/Core/App.php(926): call_user_func('ErrorHandler::h...', 4, 'syntax error, u...', '/Users/kdusek/S...', 37, Array)
#3 /Users/kdusek/Sites/kaufman/cake/lib/Cake/Core/App.php(899): App::_checkFatalError()
#4 [internal function]: App::shutdown()
#5 {main}
2013-06-28 07:38:18 Error: Fatal Error (4): syntax error, unexpected '' (T_ENCAPSED_AND_WHITESPACE), expecting identifier (T_STRING) or variable (T_VARIABLE) or number (T_NUM_STRING) in [/Users/kdusek/Sites/kaufman/cake/app/Controller/OrgsController.php, line 37]
2013-06-28 07:38:18 Error: [FatalErrorException] syntax error, unexpected '' (T_ENCAPSED_AND_WHITESPACE), expecting identifier (T_STRING) or variable (T_VARIABLE) or number (T_NUM_STRING)
Request URL: /orgs/login
Stack Trace:
#0 /Users/kdusek/Sites/kaufman/cake/lib/Cake/Error/ErrorHandler.php(184): ErrorHandler::handleFatalError(4, 'syntax error, u...', '/Users/kdusek/S...', 37)
#1 [internal function]: ErrorHandler::handleError(4, 'syntax error, u...', '/Users/kdusek/S...', 37, Array)
#2 /Users/kdusek/Sites/kaufman/cake/lib/Cake/Core/App.php(926): call_user_func('ErrorHandler::h...', 4, 'syntax error, u...', '/Users/kdusek/S...', 37, Array)
#3 /Users/kdusek/Sites/kaufman/cake/lib/Cake/Core/App.php(899): App::_checkFatalError()
#4 [internal function]: App::shutdown()
#5 {main}
2013-06-28 07:38:52 Error: Fatal Error (4): syntax error, unexpected '' (T_ENCAPSED_AND_WHITESPACE), expecting identifier (T_STRING) or variable (T_VARIABLE) or number (T_NUM_STRING) in [/Users/kdusek/Sites/kaufman/cake/app/Controller/OrgsController.php, line 37]
2013-06-28 07:38:52 Error: [FatalErrorException] syntax error, unexpected '' (T_ENCAPSED_AND_WHITESPACE), expecting identifier (T_STRING) or variable (T_VARIABLE) or number (T_NUM_STRING)
Request URL: /orgs/login
Stack Trace:
#0 /Users/kdusek/Sites/kaufman/cake/lib/Cake/Error/ErrorHandler.php(184): ErrorHandler::handleFatalError(4, 'syntax error, u...', '/Users/kdusek/S...', 37)
#1 [internal function]: ErrorHandler::handleError(4, 'syntax error, u...', '/Users/kdusek/S...', 37, Array)
#2 /Users/kdusek/Sites/kaufman/cake/lib/Cake/Core/App.php(926): call_user_func('ErrorHandler::h...', 4, 'syntax error, u...', '/Users/kdusek/S...', 37, Array)
#3 /Users/kdusek/Sites/kaufman/cake/lib/Cake/Core/App.php(899): App::_checkFatalError()
#4 [internal function]: App::shutdown()
#5 {main}
2013-06-28 07:38:55 Error: Fatal Error (4): syntax error, unexpected '' (T_ENCAPSED_AND_WHITESPACE), expecting identifier (T_STRING) or variable (T_VARIABLE) or number (T_NUM_STRING) in [/Users/kdusek/Sites/kaufman/cake/app/Controller/OrgsController.php, line 37]
2013-06-28 07:38:55 Error: [FatalErrorException] syntax error, unexpected '' (T_ENCAPSED_AND_WHITESPACE), expecting identifier (T_STRING) or variable (T_VARIABLE) or number (T_NUM_STRING)
Request URL: /orgs/login
Stack Trace:
#0 /Users/kdusek/Sites/kaufman/cake/lib/Cake/Error/ErrorHandler.php(184): ErrorHandler::handleFatalError(4, 'syntax error, u...', '/Users/kdusek/S...', 37)
#1 [internal function]: ErrorHandler::handleError(4, 'syntax error, u...', '/Users/kdusek/S...', 37, Array)
#2 /Users/kdusek/Sites/kaufman/cake/lib/Cake/Core/App.php(926): call_user_func('ErrorHandler::h...', 4, 'syntax error, u...', '/Users/kdusek/S...', 37, Array)
#3 /Users/kdusek/Sites/kaufman/cake/lib/Cake/Core/App.php(899): App::_checkFatalError()
#4 [internal function]: App::shutdown()
#5 {main}
2013-06-28 07:39:03 Error: Fatal Error (4): syntax error, unexpected '' (T_ENCAPSED_AND_WHITESPACE), expecting identifier (T_STRING) or variable (T_VARIABLE) or number (T_NUM_STRING) in [/Users/kdusek/Sites/kaufman/cake/app/Controller/OrgsController.php, line 37]
2013-06-28 07:39:03 Error: [FatalErrorException] syntax error, unexpected '' (T_ENCAPSED_AND_WHITESPACE), expecting identifier (T_STRING) or variable (T_VARIABLE) or number (T_NUM_STRING)
Request URL: /orgs/login
Stack Trace:
#0 /Users/kdusek/Sites/kaufman/cake/lib/Cake/Error/ErrorHandler.php(184): ErrorHandler::handleFatalError(4, 'syntax error, u...', '/Users/kdusek/S...', 37)
#1 [internal function]: ErrorHandler::handleError(4, 'syntax error, u...', '/Users/kdusek/S...', 37, Array)
#2 /Users/kdusek/Sites/kaufman/cake/lib/Cake/Core/App.php(926): call_user_func('ErrorHandler::h...', 4, 'syntax error, u...', '/Users/kdusek/S...', 37, Array)
#3 /Users/kdusek/Sites/kaufman/cake/lib/Cake/Core/App.php(899): App::_checkFatalError()
#4 [internal function]: App::shutdown()
#5 {main}
2013-06-28 07:39:09 Error: Fatal Error (4): syntax error, unexpected '' (T_ENCAPSED_AND_WHITESPACE), expecting identifier (T_STRING) or variable (T_VARIABLE) or number (T_NUM_STRING) in [/Users/kdusek/Sites/kaufman/cake/app/Controller/OrgsController.php, line 37]
2013-06-28 07:39:09 Error: [FatalErrorException] syntax error, unexpected '' (T_ENCAPSED_AND_WHITESPACE), expecting identifier (T_STRING) or variable (T_VARIABLE) or number (T_NUM_STRING)
Request URL: /orgs/login
Stack Trace:
#0 /Users/kdusek/Sites/kaufman/cake/lib/Cake/Error/ErrorHandler.php(184): ErrorHandler::handleFatalError(4, 'syntax error, u...', '/Users/kdusek/S...', 37)
#1 [internal function]: ErrorHandler::handleError(4, 'syntax error, u...', '/Users/kdusek/S...', 37, Array)
#2 /Users/kdusek/Sites/kaufman/cake/lib/Cake/Core/App.php(926): call_user_func('ErrorHandler::h...', 4, 'syntax error, u...', '/Users/kdusek/S...', 37, Array)
#3 /Users/kdusek/Sites/kaufman/cake/lib/Cake/Core/App.php(899): App::_checkFatalError()
#4 [internal function]: App::shutdown()
#5 {main}
2013-06-28 07:39:18 Error: Fatal Error (4): syntax error, unexpected '' (T_ENCAPSED_AND_WHITESPACE), expecting identifier (T_STRING) or variable (T_VARIABLE) or number (T_NUM_STRING) in [/Users/kdusek/Sites/kaufman/cake/app/Controller/OrgsController.php, line 37]
2013-06-28 07:39:18 Error: [FatalErrorException] syntax error, unexpected '' (T_ENCAPSED_AND_WHITESPACE), expecting identifier (T_STRING) or variable (T_VARIABLE) or number (T_NUM_STRING)
Request URL: /orgs/login
Stack Trace:
#0 /Users/kdusek/Sites/kaufman/cake/lib/Cake/Error/ErrorHandler.php(184): ErrorHandler::handleFatalError(4, 'syntax error, u...', '/Users/kdusek/S...', 37)
#1 [internal function]: ErrorHandler::handleError(4, 'syntax error, u...', '/Users/kdusek/S...', 37, Array)
#2 /Users/kdusek/Sites/kaufman/cake/lib/Cake/Core/App.php(926): call_user_func('ErrorHandler::h...', 4, 'syntax error, u...', '/Users/kdusek/S...', 37, Array)
#3 /Users/kdusek/Sites/kaufman/cake/lib/Cake/Core/App.php(899): App::_checkFatalError()
#4 [internal function]: App::shutdown()
#5 {main}
2013-06-28 07:39:28 Error: Fatal Error (4): syntax error, unexpected '' (T_ENCAPSED_AND_WHITESPACE), expecting identifier (T_STRING) or variable (T_VARIABLE) or number (T_NUM_STRING) in [/Users/kdusek/Sites/kaufman/cake/app/Controller/OrgsController.php, line 37]
2013-06-28 07:39:28 Error: [FatalErrorException] syntax error, unexpected '' (T_ENCAPSED_AND_WHITESPACE), expecting identifier (T_STRING) or variable (T_VARIABLE) or number (T_NUM_STRING)
Request URL: /orgs/login
Stack Trace:
#0 /Users/kdusek/Sites/kaufman/cake/lib/Cake/Error/ErrorHandler.php(184): ErrorHandler::handleFatalError(4, 'syntax error, u...', '/Users/kdusek/S...', 37)
#1 [internal function]: ErrorHandler::handleError(4, 'syntax error, u...', '/Users/kdusek/S...', 37, Array)
#2 /Users/kdusek/Sites/kaufman/cake/lib/Cake/Core/App.php(926): call_user_func('ErrorHandler::h...', 4, 'syntax error, u...', '/Users/kdusek/S...', 37, Array)
#3 /Users/kdusek/Sites/kaufman/cake/lib/Cake/Core/App.php(899): App::_checkFatalError()
#4 [internal function]: App::shutdown()
#5 {main}
2013-06-28 07:40:15 Error: Fatal Error (4): syntax error, unexpected '' (T_ENCAPSED_AND_WHITESPACE), expecting identifier (T_STRING) or variable (T_VARIABLE) or number (T_NUM_STRING) in [/Users/kdusek/Sites/kaufman/cake/app/Controller/OrgsController.php, line 36]
2013-06-28 07:40:15 Error: [FatalErrorException] syntax error, unexpected '' (T_ENCAPSED_AND_WHITESPACE), expecting identifier (T_STRING) or variable (T_VARIABLE) or number (T_NUM_STRING)
Request URL: /orgs/login
Stack Trace:
#0 /Users/kdusek/Sites/kaufman/cake/lib/Cake/Error/ErrorHandler.php(184): ErrorHandler::handleFatalError(4, 'syntax error, u...', '/Users/kdusek/S...', 36)
#1 [internal function]: ErrorHandler::handleError(4, 'syntax error, u...', '/Users/kdusek/S...', 36, Array)
#2 /Users/kdusek/Sites/kaufman/cake/lib/Cake/Core/App.php(926): call_user_func('ErrorHandler::h...', 4, 'syntax error, u...', '/Users/kdusek/S...', 36, Array)
#3 /Users/kdusek/Sites/kaufman/cake/lib/Cake/Core/App.php(899): App::_checkFatalError()
#4 [internal function]: App::shutdown()
#5 {main}
2013-06-28 07:40:46 Error: Fatal Error (4): syntax error, unexpected '' (T_ENCAPSED_AND_WHITESPACE), expecting identifier (T_STRING) or variable (T_VARIABLE) or number (T_NUM_STRING) in [/Users/kdusek/Sites/kaufman/cake/app/Controller/OrgsController.php, line 36]
2013-06-28 07:40:46 Error: [FatalErrorException] syntax error, unexpected '' (T_ENCAPSED_AND_WHITESPACE), expecting identifier (T_STRING) or variable (T_VARIABLE) or number (T_NUM_STRING)
Request URL: /orgs/login
Stack Trace:
#0 /Users/kdusek/Sites/kaufman/cake/lib/Cake/Error/ErrorHandler.php(184): ErrorHandler::handleFatalError(4, 'syntax error, u...', '/Users/kdusek/S...', 36)
#1 [internal function]: ErrorHandler::handleError(4, 'syntax error, u...', '/Users/kdusek/S...', 36, Array)
#2 /Users/kdusek/Sites/kaufman/cake/lib/Cake/Core/App.php(926): call_user_func('ErrorHandler::h...', 4, 'syntax error, u...', '/Users/kdusek/S...', 36, Array)
#3 /Users/kdusek/Sites/kaufman/cake/lib/Cake/Core/App.php(899): App::_checkFatalError()
#4 [internal function]: App::shutdown()
#5 {main}
2013-06-28 07:41:16 Error: Fatal Error (4): syntax error, unexpected end of file in [/Users/kdusek/Sites/kaufman/cake/app/Controller/OrgsController.php, line 217]
2013-06-28 07:41:16 Error: [FatalErrorException] syntax error, unexpected end of file
Request URL: /orgs/login
Stack Trace:
#0 /Users/kdusek/Sites/kaufman/cake/lib/Cake/Error/ErrorHandler.php(184): ErrorHandler::handleFatalError(4, 'syntax error, u...', '/Users/kdusek/S...', 217)
#1 [internal function]: ErrorHandler::handleError(4, 'syntax error, u...', '/Users/kdusek/S...', 217, Array)
#2 /Users/kdusek/Sites/kaufman/cake/lib/Cake/Core/App.php(926): call_user_func('ErrorHandler::h...', 4, 'syntax error, u...', '/Users/kdusek/S...', 217, Array)
#3 /Users/kdusek/Sites/kaufman/cake/lib/Cake/Core/App.php(899): App::_checkFatalError()
#4 [internal function]: App::shutdown()
#5 {main}
2013-07-01 04:21:17 Error: Fatal Error (4): syntax error, unexpected end of file in [/Users/kdusek/Sites/kaufman/cake/app/Controller/OrgsController.php, line 217]
2013-07-01 04:21:17 Error: [FatalErrorException] syntax error, unexpected end of file
Request URL: /orgs/login
Stack Trace:
#0 /Users/kdusek/Sites/kaufman/cake/lib/Cake/Error/ErrorHandler.php(184): ErrorHandler::handleFatalError(4, 'syntax error, u...', '/Users/kdusek/S...', 217)
#1 [internal function]: ErrorHandler::handleError(4, 'syntax error, u...', '/Users/kdusek/S...', 217, Array)
#2 /Users/kdusek/Sites/kaufman/cake/lib/Cake/Core/App.php(926): call_user_func('ErrorHandler::h...', 4, 'syntax error, u...', '/Users/kdusek/S...', 217, Array)
#3 /Users/kdusek/Sites/kaufman/cake/lib/Cake/Core/App.php(899): App::_checkFatalError()
#4 [internal function]: App::shutdown()
#5 {main}
2013-07-01 04:24:35 Error: Fatal Error (4): syntax error, unexpected '$response' (T_VARIABLE) in [/Users/kdusek/Sites/kaufman/cake/app/Controller/OrgsController.php, line 53]
2013-07-01 04:24:35 Error: [FatalErrorException] syntax error, unexpected '$response' (T_VARIABLE)
Request URL: /orgs/login
Stack Trace:
#0 /Users/kdusek/Sites/kaufman/cake/lib/Cake/Error/ErrorHandler.php(184): ErrorHandler::handleFatalError(4, 'syntax error, u...', '/Users/kdusek/S...', 53)
#1 [internal function]: ErrorHandler::handleError(4, 'syntax error, u...', '/Users/kdusek/S...', 53, Array)
#2 /Users/kdusek/Sites/kaufman/cake/lib/Cake/Core/App.php(926): call_user_func('ErrorHandler::h...', 4, 'syntax error, u...', '/Users/kdusek/S...', 53, Array)
#3 /Users/kdusek/Sites/kaufman/cake/lib/Cake/Core/App.php(899): App::_checkFatalError()
#4 [internal function]: App::shutdown()
#5 {main}
2013-07-01 04:33:07 Error: Fatal Error (4): syntax error, unexpected ';' in [/Users/kdusek/Sites/kaufman/cake/app/Controller/OrgsController.php, line 55]
2013-07-01 04:33:07 Error: [FatalErrorException] syntax error, unexpected ';'
Request URL: /orgs/login
Stack Trace:
#0 /Users/kdusek/Sites/kaufman/cake/lib/Cake/Error/ErrorHandler.php(184): ErrorHandler::handleFatalError(4, 'syntax error, u...', '/Users/kdusek/S...', 55)
#1 [internal function]: ErrorHandler::handleError(4, 'syntax error, u...', '/Users/kdusek/S...', 55, Array)
#2 /Users/kdusek/Sites/kaufman/cake/lib/Cake/Core/App.php(926): call_user_func('ErrorHandler::h...', 4, 'syntax error, u...', '/Users/kdusek/S...', 55, Array)
#3 /Users/kdusek/Sites/kaufman/cake/lib/Cake/Core/App.php(899): App::_checkFatalError()
#4 [internal function]: App::shutdown()
#5 {main}
2013-07-01 04:33:28 Error: Fatal Error (1): Call to a member function header() on a non-object in [/Users/kdusek/Sites/kaufman/cake/app/Controller/OrgsController.php, line 54]
2013-07-01 04:33:28 Error: [FatalErrorException] Call to a member function header() on a non-object
Request URL: /orgs/login
Stack Trace:
#0 /Users/kdusek/Sites/kaufman/cake/lib/Cake/Error/ErrorHandler.php(184): ErrorHandler::handleFatalError(1, 'Call to a membe...', '/Users/kdusek/S...', 54)
#1 [internal function]: ErrorHandler::handleError(1, 'Call to a membe...', '/Users/kdusek/S...', 54, Array)
#2 /Users/kdusek/Sites/kaufman/cake/lib/Cake/Core/App.php(926): call_user_func('ErrorHandler::h...', 1, 'Call to a membe...', '/Users/kdusek/S...', 54, Array)
#3 /Users/kdusek/Sites/kaufman/cake/lib/Cake/Core/App.php(899): App::_checkFatalError()
#4 [internal function]: App::shutdown()
#5 {main}
2013-07-01 05:44:52 Error: [MissingActionException] Action OrgsController::view() could not be found.
Exception Attributes: array (
  'controller' => 'OrgsController',
  'action' => 'view',
)
Request URL: /orgs/view/1
Stack Trace:
#0 /Users/kdusek/Sites/kaufman/cake/lib/Cake/Routing/Dispatcher.php(187): Controller->invokeAction(Object(CakeRequest))
#1 /Users/kdusek/Sites/kaufman/cake/lib/Cake/Routing/Dispatcher.php(162): Dispatcher->_invoke(Object(OrgsController), Object(CakeRequest), Object(CakeResponse))
#2 /Users/kdusek/Sites/kaufman/cake/app/webroot/index.php(109): Dispatcher->dispatch(Object(CakeRequest), Object(CakeResponse))
#3 {main}
2013-07-01 05:49:36 Error: [MethodNotAllowedException] Method Not Allowed
Request URL: /login
Stack Trace:
#0 [internal function]: OrgsController->login()
#1 /Users/kdusek/Sites/kaufman/cake/lib/Cake/Controller/Controller.php(486): ReflectionMethod->invokeArgs(Object(OrgsController), Array)
#2 /Users/kdusek/Sites/kaufman/cake/lib/Cake/Routing/Dispatcher.php(187): Controller->invokeAction(Object(CakeRequest))
#3 /Users/kdusek/Sites/kaufman/cake/lib/Cake/Routing/Dispatcher.php(162): Dispatcher->_invoke(Object(OrgsController), Object(CakeRequest), Object(CakeResponse))
#4 /Users/kdusek/Sites/kaufman/cake/app/webroot/index.php(109): Dispatcher->dispatch(Object(CakeRequest), Object(CakeResponse))
#5 {main}
2013-07-01 05:49:52 Error: [MethodNotAllowedException] Method Not Allowed
Request URL: /login
Stack Trace:
#0 [internal function]: OrgsController->login()
#1 /Users/kdusek/Sites/kaufman/cake/lib/Cake/Controller/Controller.php(486): ReflectionMethod->invokeArgs(Object(OrgsController), Array)
#2 /Users/kdusek/Sites/kaufman/cake/lib/Cake/Routing/Dispatcher.php(187): Controller->invokeAction(Object(CakeRequest))
#3 /Users/kdusek/Sites/kaufman/cake/lib/Cake/Routing/Dispatcher.php(162): Dispatcher->_invoke(Object(OrgsController), Object(CakeRequest), Object(CakeResponse))
#4 /Users/kdusek/Sites/kaufman/cake/app/webroot/index.php(109): Dispatcher->dispatch(Object(CakeRequest), Object(CakeResponse))
#5 {main}
2013-07-01 05:49:57 Error: [MethodNotAllowedException] Method Not Allowed
Request URL: /login
Stack Trace:
#0 [internal function]: OrgsController->login()
#1 /Users/kdusek/Sites/kaufman/cake/lib/Cake/Controller/Controller.php(486): ReflectionMethod->invokeArgs(Object(OrgsController), Array)
#2 /Users/kdusek/Sites/kaufman/cake/lib/Cake/Routing/Dispatcher.php(187): Controller->invokeAction(Object(CakeRequest))
#3 /Users/kdusek/Sites/kaufman/cake/lib/Cake/Routing/Dispatcher.php(162): Dispatcher->_invoke(Object(OrgsController), Object(CakeRequest), Object(CakeResponse))
#4 /Users/kdusek/Sites/kaufman/cake/app/webroot/index.php(109): Dispatcher->dispatch(Object(CakeRequest), Object(CakeResponse))
#5 {main}
2013-07-01 05:49:58 Error: [MethodNotAllowedException] Method Not Allowed
Request URL: /login
Stack Trace:
#0 [internal function]: OrgsController->login()
#1 /Users/kdusek/Sites/kaufman/cake/lib/Cake/Controller/Controller.php(486): ReflectionMethod->invokeArgs(Object(OrgsController), Array)
#2 /Users/kdusek/Sites/kaufman/cake/lib/Cake/Routing/Dispatcher.php(187): Controller->invokeAction(Object(CakeRequest))
#3 /Users/kdusek/Sites/kaufman/cake/lib/Cake/Routing/Dispatcher.php(162): Dispatcher->_invoke(Object(OrgsController), Object(CakeRequest), Object(CakeResponse))
#4 /Users/kdusek/Sites/kaufman/cake/app/webroot/index.php(109): Dispatcher->dispatch(Object(CakeRequest), Object(CakeResponse))
#5 {main}
2013-07-01 05:50:10 Error: [MethodNotAllowedException] Method Not Allowed
Request URL: /orgs/login
Stack Trace:
#0 [internal function]: OrgsController->login()
#1 /Users/kdusek/Sites/kaufman/cake/lib/Cake/Controller/Controller.php(486): ReflectionMethod->invokeArgs(Object(OrgsController), Array)
#2 /Users/kdusek/Sites/kaufman/cake/lib/Cake/Routing/Dispatcher.php(187): Controller->invokeAction(Object(CakeRequest))
#3 /Users/kdusek/Sites/kaufman/cake/lib/Cake/Routing/Dispatcher.php(162): Dispatcher->_invoke(Object(OrgsController), Object(CakeRequest), Object(CakeResponse))
#4 /Users/kdusek/Sites/kaufman/cake/app/webroot/index.php(109): Dispatcher->dispatch(Object(CakeRequest), Object(CakeResponse))
#5 {main}
2013-07-01 05:50:29 Error: [MethodNotAllowedException] Method Not Allowed
Request URL: /login
Stack Trace:
#0 [internal function]: OrgsController->login()
#1 /Users/kdusek/Sites/kaufman/cake/lib/Cake/Controller/Controller.php(486): ReflectionMethod->invokeArgs(Object(OrgsController), Array)
#2 /Users/kdusek/Sites/kaufman/cake/lib/Cake/Routing/Dispatcher.php(187): Controller->invokeAction(Object(CakeRequest))
#3 /Users/kdusek/Sites/kaufman/cake/lib/Cake/Routing/Dispatcher.php(162): Dispatcher->_invoke(Object(OrgsController), Object(CakeRequest), Object(CakeResponse))
#4 /Users/kdusek/Sites/kaufman/cake/app/webroot/index.php(109): Dispatcher->dispatch(Object(CakeRequest), Object(CakeResponse))
#5 {main}
2013-07-01 05:50:39 Error: [MethodNotAllowedException] Method Not Allowed
Request URL: /login
Stack Trace:
#0 [internal function]: OrgsController->login()
#1 /Users/kdusek/Sites/kaufman/cake/lib/Cake/Controller/Controller.php(486): ReflectionMethod->invokeArgs(Object(OrgsController), Array)
#2 /Users/kdusek/Sites/kaufman/cake/lib/Cake/Routing/Dispatcher.php(187): Controller->invokeAction(Object(CakeRequest))
#3 /Users/kdusek/Sites/kaufman/cake/lib/Cake/Routing/Dispatcher.php(162): Dispatcher->_invoke(Object(OrgsController), Object(CakeRequest), Object(CakeResponse))
#4 /Users/kdusek/Sites/kaufman/cake/app/webroot/index.php(109): Dispatcher->dispatch(Object(CakeRequest), Object(CakeResponse))
#5 {main}
